<?xml version="1.0" encoding="UTF-8"?>
<testsuite name="ext4reader.ext4.ExtentLeafTest" tests="2" skipped="0" failures="0" errors="0" timestamp="2026-09-03T23:27:45.251Z" hostname="localhost" time="0.014">
  <properties/>
  <testcase name="uninitExtentIsHole" classname="ext4reader.ext4.ExtentLeafTest" time="0.013"/>
  <testcase name="depth0LeafCoversLogical0" classname="ext4reader.ext4.ExtentLeafTest" time="0.0"/>
  <system-out><![CDATA[]]></system-out>
  <system-err><![CDATA[]]></system-err>
</testsuite>
