<?xml version="1.0" encoding="UTF-8"?>
<testsuite name="ext4reader.ext4.SuperblockTest" tests="3" skipped="0" failures="0" errors="0" timestamp="2026-09-04T00:31:01.512Z" hostname="localhost" time="0.017">
  <properties/>
  <testcase name="defaultsAndInlineFlag" classname="ext4reader.ext4.SuperblockTest" time="0.004"/>
  <testcase name="craft1024EF53True" classname="ext4reader.ext4.SuperblockTest" time="0.001"/>
  <testcase name="badMagicThrows" classname="ext4reader.ext4.SuperblockTest" time="0.009"/>
  <system-out><![CDATA[]]></system-out>
  <system-err><![CDATA[]]></system-err>
</testsuite>
