<?xml version="1.0" encoding="UTF-8"?>
<testsuite name="ext4reader.ext4.ExtentLeafTest" tests="2" skipped="0" failures="0" errors="0" timestamp="2026-09-04T00:31:01.464Z" hostname="localhost" time="0.038">
  <properties/>
  <testcase name="uninitExtentIsHole" classname="ext4reader.ext4.ExtentLeafTest" time="0.036"/>
  <testcase name="depth0LeafCoversLogical0" classname="ext4reader.ext4.ExtentLeafTest" time="0.001"/>
  <system-out><![CDATA[]]></system-out>
  <system-err><![CDATA[]]></system-err>
</testsuite>
