<?xml version="1.0" encoding="UTF-8"?>
<testsuite name="ext4reader.ext4.SuperblockTest" tests="3" skipped="0" failures="0" errors="0" timestamp="2026-09-03T23:27:45.271Z" hostname="localhost" time="0.007">
  <properties/>
  <testcase name="defaultsAndInlineFlag" classname="ext4reader.ext4.SuperblockTest" time="0.002"/>
  <testcase name="craft1024EF53True" classname="ext4reader.ext4.SuperblockTest" time="0.0"/>
  <testcase name="badMagicThrows" classname="ext4reader.ext4.SuperblockTest" time="0.004"/>
  <system-out><![CDATA[]]></system-out>
  <system-err><![CDATA[]]></system-err>
</testsuite>
